{"/Users/nick/alchemy/alchemy-career-track/create-database/lib/file-system.js": {"path":"/Users/nick/alchemy/alchemy-career-track/create-database/lib/file-system.js","statementMap":{"0":{"start":{"line":1,"column":11},"end":{"line":1,"column":33}},"1":{"start":{"line":3,"column":15},"end":{"line":5,"column":1}},"2":{"start":{"line":4,"column":4},"end":{"line":4,"column":47}},"3":{"start":{"line":7,"column":18},"end":{"line":10,"column":1}},"4":{"start":{"line":8,"column":4},"end":{"line":9,"column":25}},"5":{"start":{"line":9,"column":20},"end":{"line":9,"column":23}},"6":{"start":{"line":12,"column":17},"end":{"line":15,"column":1}},"7":{"start":{"line":13,"column":4},"end":{"line":14,"column":48}},"8":{"start":{"line":14,"column":26},"end":{"line":14,"column":46}},"9":{"start":{"line":17,"column":26},"end":{"line":22,"column":1}},"10":{"start":{"line":18,"column":4},"end":{"line":21,"column":11}},"11":{"start":{"line":20,"column":12},"end":{"line":20,"column":79}},"12":{"start":{"line":20,"column":49},"end":{"line":20,"column":76}},"13":{"start":{"line":24,"column":19},"end":{"line":30,"column":1}},"14":{"start":{"line":25,"column":4},"end":{"line":29,"column":11}},"15":{"start":{"line":27,"column":32},"end":{"line":27,"column":51}},"16":{"start":{"line":28,"column":12},"end":{"line":28,"column":48}},"17":{"start":{"line":32,"column":19},"end":{"line":36,"column":6}},"18":{"start":{"line":32,"column":29},"end":{"line":36,"column":6}},"19":{"start":{"line":34,"column":8},"end":{"line":34,"column":24}},"20":{"start":{"line":35,"column":8},"end":{"line":35,"column":22}},"21":{"start":{"line":38,"column":0},"end":{"line":45,"column":2}}},"fnMap":{"0":{"name":"(anonymous_0)","decl":{"start":{"line":3,"column":15},"end":{"line":3,"column":16}},"loc":{"start":{"line":3,"column":23},"end":{"line":5,"column":1}},"line":3},"1":{"name":"(anonymous_1)","decl":{"start":{"line":7,"column":18},"end":{"line":7,"column":19}},"loc":{"start":{"line":7,"column":33},"end":{"line":10,"column":1}},"line":7},"2":{"name":"(anonymous_2)","decl":{"start":{"line":9,"column":14},"end":{"line":9,"column":15}},"loc":{"start":{"line":9,"column":20},"end":{"line":9,"column":23}},"line":9},"3":{"name":"(anonymous_3)","decl":{"start":{"line":12,"column":17},"end":{"line":12,"column":18}},"loc":{"start":{"line":12,"column":25},"end":{"line":15,"column":1}},"line":12},"4":{"name":"(anonymous_4)","decl":{"start":{"line":14,"column":14},"end":{"line":14,"column":15}},"loc":{"start":{"line":14,"column":26},"end":{"line":14,"column":46}},"line":14},"5":{"name":"(anonymous_5)","decl":{"start":{"line":17,"column":26},"end":{"line":17,"column":27}},"loc":{"start":{"line":17,"column":34},"end":{"line":22,"column":1}},"line":17},"6":{"name":"(anonymous_6)","decl":{"start":{"line":19,"column":14},"end":{"line":19,"column":15}},"loc":{"start":{"line":19,"column":23},"end":{"line":21,"column":9}},"line":19},"7":{"name":"(anonymous_7)","decl":{"start":{"line":20,"column":41},"end":{"line":20,"column":42}},"loc":{"start":{"line":20,"column":49},"end":{"line":20,"column":76}},"line":20},"8":{"name":"(anonymous_8)","decl":{"start":{"line":24,"column":19},"end":{"line":24,"column":20}},"loc":{"start":{"line":24,"column":34},"end":{"line":30,"column":1}},"line":24},"9":{"name":"(anonymous_9)","decl":{"start":{"line":26,"column":14},"end":{"line":26,"column":15}},"loc":{"start":{"line":26,"column":22},"end":{"line":29,"column":9}},"line":26},"10":{"name":"(anonymous_10)","decl":{"start":{"line":32,"column":19},"end":{"line":32,"column":20}},"loc":{"start":{"line":32,"column":29},"end":{"line":36,"column":6}},"line":32},"11":{"name":"(anonymous_11)","decl":{"start":{"line":33,"column":10},"end":{"line":33,"column":11}},"loc":{"start":{"line":33,"column":20},"end":{"line":36,"column":5}},"line":33}},"branchMap":{},"s":{"0":2,"1":2,"2":6,"3":2,"4":9,"5":9,"6":2,"7":507,"8":502,"9":2,"10":2,"11":2,"12":496,"13":2,"14":2,"15":2,"16":2,"17":2,"18":7,"19":2,"20":2,"21":2},"f":{"0":6,"1":9,"2":9,"3":507,"4":502,"5":2,"6":2,"7":496,"8":2,"9":2,"10":7,"11":2},"b":{},"_coverageSchema":"1a1c01bbd47fc00a2c39e90264f33305004495a9","hash":"7544e048e07f28d8da65987760261027a27c53d5"}
}
