{"/Users/nick/alchemy/alchemy-career-track/create-database/lib/file-system.js": {"path":"/Users/nick/alchemy/alchemy-career-track/create-database/lib/file-system.js","statementMap":{"0":{"start":{"line":1,"column":11},"end":{"line":1,"column":33}},"1":{"start":{"line":3,"column":15},"end":{"line":5,"column":1}},"2":{"start":{"line":4,"column":2},"end":{"line":4,"column":45}},"3":{"start":{"line":7,"column":18},"end":{"line":10,"column":1}},"4":{"start":{"line":8,"column":2},"end":{"line":9,"column":21}},"5":{"start":{"line":9,"column":16},"end":{"line":9,"column":19}},"6":{"start":{"line":12,"column":17},"end":{"line":15,"column":1}},"7":{"start":{"line":13,"column":2},"end":{"line":14,"column":44}},"8":{"start":{"line":14,"column":22},"end":{"line":14,"column":42}},"9":{"start":{"line":17,"column":26},"end":{"line":22,"column":1}},"10":{"start":{"line":18,"column":2},"end":{"line":21,"column":7}},"11":{"start":{"line":20,"column":6},"end":{"line":20,"column":73}},"12":{"start":{"line":20,"column":43},"end":{"line":20,"column":70}},"13":{"start":{"line":24,"column":19},"end":{"line":30,"column":1}},"14":{"start":{"line":25,"column":2},"end":{"line":29,"column":7}},"15":{"start":{"line":27,"column":26},"end":{"line":27,"column":45}},"16":{"start":{"line":28,"column":6},"end":{"line":28,"column":42}},"17":{"start":{"line":32,"column":19},"end":{"line":32,"column":42}},"18":{"start":{"line":32,"column":27},"end":{"line":32,"column":42}},"19":{"start":{"line":34,"column":0},"end":{"line":41,"column":2}}},"fnMap":{"0":{"name":"(anonymous_0)","decl":{"start":{"line":3,"column":15},"end":{"line":3,"column":16}},"loc":{"start":{"line":3,"column":23},"end":{"line":5,"column":1}},"line":3},"1":{"name":"(anonymous_1)","decl":{"start":{"line":7,"column":18},"end":{"line":7,"column":19}},"loc":{"start":{"line":7,"column":33},"end":{"line":10,"column":1}},"line":7},"2":{"name":"(anonymous_2)","decl":{"start":{"line":9,"column":10},"end":{"line":9,"column":11}},"loc":{"start":{"line":9,"column":16},"end":{"line":9,"column":19}},"line":9},"3":{"name":"(anonymous_3)","decl":{"start":{"line":12,"column":17},"end":{"line":12,"column":18}},"loc":{"start":{"line":12,"column":25},"end":{"line":15,"column":1}},"line":12},"4":{"name":"(anonymous_4)","decl":{"start":{"line":14,"column":10},"end":{"line":14,"column":11}},"loc":{"start":{"line":14,"column":22},"end":{"line":14,"column":42}},"line":14},"5":{"name":"(anonymous_5)","decl":{"start":{"line":17,"column":26},"end":{"line":17,"column":27}},"loc":{"start":{"line":17,"column":34},"end":{"line":22,"column":1}},"line":17},"6":{"name":"(anonymous_6)","decl":{"start":{"line":19,"column":10},"end":{"line":19,"column":11}},"loc":{"start":{"line":19,"column":19},"end":{"line":21,"column":5}},"line":19},"7":{"name":"(anonymous_7)","decl":{"start":{"line":20,"column":35},"end":{"line":20,"column":36}},"loc":{"start":{"line":20,"column":43},"end":{"line":20,"column":70}},"line":20},"8":{"name":"(anonymous_8)","decl":{"start":{"line":24,"column":19},"end":{"line":24,"column":20}},"loc":{"start":{"line":24,"column":34},"end":{"line":30,"column":1}},"line":24},"9":{"name":"(anonymous_9)","decl":{"start":{"line":26,"column":10},"end":{"line":26,"column":11}},"loc":{"start":{"line":26,"column":18},"end":{"line":29,"column":5}},"line":26},"10":{"name":"(anonymous_10)","decl":{"start":{"line":32,"column":19},"end":{"line":32,"column":20}},"loc":{"start":{"line":32,"column":27},"end":{"line":32,"column":42}},"line":32}},"branchMap":{},"s":{"0":1,"1":1,"2":1,"3":1,"4":2,"5":2,"6":1,"7":4,"8":4,"9":1,"10":1,"11":1,"12":2,"13":1,"14":1,"15":1,"16":1,"17":1,"18":1,"19":1},"f":{"0":1,"1":2,"2":2,"3":4,"4":4,"5":1,"6":1,"7":2,"8":1,"9":1,"10":1},"b":{},"_coverageSchema":"1a1c01bbd47fc00a2c39e90264f33305004495a9","hash":"a5685059d92709ebc07509443ec18f70ebdcb7e4"}
}
