TN:
SF:lib/file-system.js
FN:3,(anonymous_0)
FN:7,(anonymous_1)
FN:9,(anonymous_2)
FN:12,(anonymous_3)
FN:14,(anonymous_4)
FN:17,(anonymous_5)
FN:19,(anonymous_6)
FN:20,(anonymous_7)
FN:24,(anonymous_8)
FN:26,(anonymous_9)
FN:32,(anonymous_10)
FN:33,(anonymous_11)
FNF:12
FNH:12
FNDA:6,(anonymous_0)
FNDA:9,(anonymous_1)
FNDA:9,(anonymous_2)
FNDA:507,(anonymous_3)
FNDA:502,(anonymous_4)
FNDA:2,(anonymous_5)
FNDA:2,(anonymous_6)
FNDA:496,(anonymous_7)
FNDA:2,(anonymous_8)
FNDA:2,(anonymous_9)
FNDA:7,(anonymous_10)
FNDA:2,(anonymous_11)
DA:1,2
DA:3,2
DA:4,6
DA:7,2
DA:8,9
DA:9,9
DA:12,2
DA:13,507
DA:14,502
DA:17,2
DA:18,2
DA:20,496
DA:24,2
DA:25,2
DA:27,2
DA:28,2
DA:32,7
DA:34,2
DA:35,2
DA:38,2
LF:20
LH:20
BRF:0
BRH:0
end_of_record
