TN:
SF:lib/types.js
FN:1,(anonymous_0)
FN:2,(anonymous_1)
FN:3,(anonymous_2)
FN:4,(anonymous_3)
FN:5,(anonymous_4)
FN:6,(anonymous_5)
FN:9,(anonymous_6)
FN:15,(anonymous_7)
FN:22,(anonymous_8)
FN:30,(anonymous_9)
FN:44,(anonymous_10)
FNF:11
FNH:11
FNDA:12,(anonymous_0)
FNDA:9,(anonymous_1)
FNDA:10,(anonymous_2)
FNDA:6,(anonymous_3)
FNDA:2,(anonymous_4)
FNDA:6,(anonymous_5)
FNDA:6,(anonymous_6)
FNDA:3,(anonymous_7)
FNDA:4,(anonymous_8)
FNDA:5,(anonymous_9)
FNDA:4,(anonymous_10)
DA:1,12
DA:2,9
DA:3,10
DA:4,6
DA:5,2
DA:6,6
DA:9,1
DA:10,6
DA:11,5
DA:12,5
DA:13,3
DA:15,1
DA:16,3
DA:17,2
DA:18,2
DA:19,2
DA:22,1
DA:23,4
DA:24,4
DA:25,4
DA:26,1
DA:31,5
DA:32,5
DA:33,5
DA:34,5
DA:38,1
DA:44,1
DA:45,4
DA:48,1
LF:29
LH:29
BRDA:10,0,0,1
BRDA:10,0,1,5
BRDA:12,1,0,2
BRDA:12,1,1,3
BRDA:16,2,0,1
BRDA:16,2,1,2
BRDA:18,3,0,0
BRDA:18,3,1,2
BRDA:23,4,0,0
BRDA:23,4,1,4
BRDA:25,5,0,3
BRDA:25,5,1,1
BRDA:45,6,0,4
BRDA:45,6,1,1
BRF:14
BRH:12
end_of_record
